<?xml version="1.0" encoding="UTF-8"?>
<!-- Generated by org.testng.reporters.JUnitXMLReporter -->
<testsuite hostname="VJ-PC" name="Default test(failed)" tests="1" failures="1" timestamp="20 Feb 2016 20:56:29 GMT" time="17.9" errors="0">
  <testcase name="PopUpWindow" time="17.846" classname="Pack1.MultipleorPopUpWindowHandling">
    <failure type="java.util.NoSuchElementException">
      <![CDATA[java.util.NoSuchElementException
	at java.util.LinkedHashMap$LinkedHashIterator.nextNode(Unknown Source)
	at java.util.LinkedHashMap$LinkedKeyIterator.next(Unknown Source)
	at Pack1.MultipleorPopUpWindowHandling.PopUpWindow(MultipleorPopUpWindowHandling.java:35)
... Removed 24 stack frames]]>
    </failure>
  </testcase> <!-- PopUpWindow -->
</testsuite> <!-- Default test(failed) -->
